<?xml version="1.0" encoding="UTF-8"?>
<!-- Generated by org.testng.reporters.JUnitXMLReporter -->
<testsuite hostname="LENOVO-PC" ignored="0" tests="10" failures="0" timestamp="2020-06-26T17:32:46 IST" time="27.024" errors="0">
  <testcase name="RegAUserPOSTOppSuccessfull" time="5.524" classname="APITests"/>
  <testcase name="RegAUserPOSTOppUnSuccessfull" time="12.497" classname="APITests"/>
  <testcase name="LoginAUser_POSTOpp_Successfull" time="0.781" classname="APITests"/>
  <testcase name="LoginAUser_POSTOpp_UnSuccessfull" time="0.747" classname="APITests"/>
  <testcase name="List_GETOpp_Successful" time="0.462" classname="APITests"/>
  <testcase name="DelayResponce_GETOpp_Successful" time="4.547" classname="APITests"/>
  <testcase name="SingleUserSearch_GETOpp_Successful" time="0.321" classname="APITests"/>
  <testcase name="SingleUserNotFound_GETOpp_Successful" time="0.664" classname="APITests"/>
  <testcase name="UpdateUser_PATCHOpp_Successful" time="0.668" classname="APITests"/>
  <testcase name="DeleteUser_DELETEOpp_Successful" time="0.701" classname="APITests"/>
</testsuite>
